[2025-10-07 14:36:21] firma_admin/auth_check.php çalıştı. Session ID: uhd9kssl4cu50dnolkjc86jrbg
[2025-10-07 14:36:21] Session içindeki rol: company_admin
[2025-10-07 14:36:21] Session içindeki company_id: TANIMSIZ
[2025-10-07 14:36:21] Yetki kontrolü başarılı.
[2025-10-07 14:42:10] firma_admin/auth_check.php çalıştı. Session ID: i333jnqvckqcctpcls53op32is
[2025-10-07 14:42:10] Session içindeki rol: company_admin
[2025-10-07 14:42:10] Session içindeki company_id: TANIMSIZ
[2025-10-07 14:42:10] Yetki kontrolü başarılı.
[2025-10-07 15:04:46] firma_admin/auth_check.php çalıştı. Session ID: 9qogs59krnvm20pinn9s83qmri
[2025-10-07 15:04:46] Session içindeki rol: company_admin
[2025-10-07 15:04:46] Session içindeki company_id: TANIMSIZ
[2025-10-07 15:04:46] Yetki kontrolü başarılı.
[2025-10-07 15:06:46] firma_admin/auth_check.php çalıştı. Session ID: 1526v1e6qou1pa8gfpvk72aj53
[2025-10-07 15:06:46] Session içindeki rol: company_admin
[2025-10-07 15:06:46] Session içindeki company_id: 1
[2025-10-07 15:06:46] Yetki kontrolü başarılı.
[2025-10-07 15:07:13] firma_admin/auth_check.php çalıştı. Session ID: 1526v1e6qou1pa8gfpvk72aj53
[2025-10-07 15:07:13] Session içindeki rol: company_admin
[2025-10-07 15:07:13] Session içindeki company_id: 1
[2025-10-07 15:07:13] Yetki kontrolü başarılı.
[2025-10-07 15:07:39] firma_admin/auth_check.php çalıştı. Session ID: 1526v1e6qou1pa8gfpvk72aj53
[2025-10-07 15:07:39] Session içindeki rol: company_admin
[2025-10-07 15:07:39] Session içindeki company_id: 1
[2025-10-07 15:07:39] Yetki kontrolü başarılı.
[2025-10-07 15:07:39] firma_admin/auth_check.php çalıştı. Session ID: 1526v1e6qou1pa8gfpvk72aj53
[2025-10-07 15:07:39] Session içindeki rol: company_admin
[2025-10-07 15:07:39] Session içindeki company_id: 1
[2025-10-07 15:07:39] Yetki kontrolü başarılı.
[2025-10-07 15:08:02] firma_admin/auth_check.php çalıştı. Session ID: 1526v1e6qou1pa8gfpvk72aj53
[2025-10-07 15:08:02] Session içindeki rol: company_admin
[2025-10-07 15:08:02] Session içindeki company_id: 1
[2025-10-07 15:08:02] Yetki kontrolü başarılı.
[2025-10-07 15:08:06] firma_admin/auth_check.php çalıştı. Session ID: 1526v1e6qou1pa8gfpvk72aj53
[2025-10-07 15:08:06] Session içindeki rol: company_admin
[2025-10-07 15:08:06] Session içindeki company_id: 1
[2025-10-07 15:08:06] Yetki kontrolü başarılı.
[2025-10-07 15:08:06] firma_admin/auth_check.php çalıştı. Session ID: 1526v1e6qou1pa8gfpvk72aj53
[2025-10-07 15:08:06] Session içindeki rol: company_admin
[2025-10-07 15:08:06] Session içindeki company_id: 1
[2025-10-07 15:08:06] Yetki kontrolü başarılı.
[2025-10-07 15:08:14] firma_admin/auth_check.php çalıştı. Session ID: 1526v1e6qou1pa8gfpvk72aj53
[2025-10-07 15:08:14] Session içindeki rol: company_admin
[2025-10-07 15:08:14] Session içindeki company_id: 1
[2025-10-07 15:08:14] Yetki kontrolü başarılı.
[2025-10-07 15:08:22] firma_admin/auth_check.php çalıştı. Session ID: 1526v1e6qou1pa8gfpvk72aj53
[2025-10-07 15:08:22] Session içindeki rol: company_admin
[2025-10-07 15:08:22] Session içindeki company_id: 1
[2025-10-07 15:08:22] Yetki kontrolü başarılı.
[2025-10-07 15:08:22] firma_admin/auth_check.php çalıştı. Session ID: 1526v1e6qou1pa8gfpvk72aj53
[2025-10-07 15:08:22] Session içindeki rol: company_admin
[2025-10-07 15:08:22] Session içindeki company_id: 1
[2025-10-07 15:08:22] Yetki kontrolü başarılı.
[2025-10-07 15:08:28] firma_admin/auth_check.php çalıştı. Session ID: 1526v1e6qou1pa8gfpvk72aj53
[2025-10-07 15:08:28] Session içindeki rol: company_admin
[2025-10-07 15:08:28] Session içindeki company_id: 1
[2025-10-07 15:08:28] Yetki kontrolü başarılı.
[2025-10-07 15:09:04] firma_admin/auth_check.php çalıştı. Session ID: 1526v1e6qou1pa8gfpvk72aj53
[2025-10-07 15:09:04] Session içindeki rol: company_admin
[2025-10-07 15:09:04] Session içindeki company_id: 1
[2025-10-07 15:09:04] Yetki kontrolü başarılı.
[2025-10-07 15:09:04] firma_admin/auth_check.php çalıştı. Session ID: 1526v1e6qou1pa8gfpvk72aj53
[2025-10-07 15:09:04] Session içindeki rol: company_admin
[2025-10-07 15:09:04] Session içindeki company_id: 1
[2025-10-07 15:09:04] Yetki kontrolü başarılı.
[2025-10-07 15:09:09] firma_admin/auth_check.php çalıştı. Session ID: 1526v1e6qou1pa8gfpvk72aj53
[2025-10-07 15:09:09] Session içindeki rol: company_admin
[2025-10-07 15:09:09] Session içindeki company_id: 1
[2025-10-07 15:09:09] Yetki kontrolü başarılı.
[2025-10-07 15:09:19] firma_admin/auth_check.php çalıştı. Session ID: 1526v1e6qou1pa8gfpvk72aj53
[2025-10-07 15:09:19] Session içindeki rol: company_admin
[2025-10-07 15:09:19] Session içindeki company_id: 1
[2025-10-07 15:09:19] Yetki kontrolü başarılı.
[2025-10-07 15:09:44] firma_admin/auth_check.php çalıştı. Session ID: 1526v1e6qou1pa8gfpvk72aj53
[2025-10-07 15:09:44] Session içindeki rol: company_admin
[2025-10-07 15:09:44] Session içindeki company_id: 1
[2025-10-07 15:09:44] Yetki kontrolü başarılı.
